<?xml version="1.0" encoding="UTF-8"?>
<!-- Generated by org.testng.reporters.JUnitReportReporter -->
<testsuite skipped="0" hostname="MacBook-Pro-cua-LAP00837.local" name="webdriver.droplist2" tests="1" failures="0" timestamp="07 Sep 2020 02:11:43 GMT" time="10.262" errors="0">
  <testcase name="Login" time="10.262" classname="webdriver.droplist2"/>
</testsuite> <!-- webdriver.droplist2 -->
