<?xml version="1.0" encoding="UTF-8"?>
<!-- Generated by org.testng.reporters.JUnitReportReporter -->
<testsuite skipped="0" hostname="MacBook-Pro-cua-LAP00837.local" name="webdriver.droplist3" tests="1" failures="0" timestamp="19 Sep 2020 16:43:47 GMT" time="11.945" errors="0">
  <testcase name="TC_01" time="11.945" classname="webdriver.droplist3"/>
</testsuite> <!-- webdriver.droplist3 -->
