<?xml version="1.0" encoding="UTF-8"?>
<!-- Generated by org.testng.reporters.JUnitReportReporter -->
<testsuite skipped="0" hostname="MacBook-Pro-cua-LAP00837.local" name="webdriver.JavaScript_Click" tests="1" failures="0" timestamp="09 Sep 2020 05:55:35 GMT" time="5.037" errors="0">
  <testcase name="Verify" time="5.037" classname="webdriver.JavaScript_Click"/>
</testsuite> <!-- webdriver.JavaScript_Click -->
