<?xml version="1.0" encoding="UTF-8"?>
<!-- Generated by org.testng.reporters.JUnitReportReporter -->
<testsuite skipped="0" hostname="MacBook-Pro-cua-LAP00837.local" name="webdriver.droplist_custom" tests="1" failures="0" timestamp="20 Sep 2020 05:27:30 GMT" time="18.857" errors="0">
  <testcase name="DropList_Jquery" time="18.857" classname="webdriver.droplist_custom"/>
</testsuite> <!-- webdriver.droplist_custom -->
