<?xml version="1.0" encoding="UTF-8"?>
<!-- Generated by org.testng.reporters.JUnitReportReporter -->
<testsuite skipped="0" hostname="MacBook-Pro-cua-LAP00837.local" name="webdriver.Checkbox_Custom" tests="1" failures="0" timestamp="08 Sep 2020 08:50:20 GMT" time="5.065" errors="0">
  <testcase name="verify" time="5.065" classname="webdriver.Checkbox_Custom"/>
</testsuite> <!-- webdriver.Checkbox_Custom -->
