<?xml version="1.0" encoding="UTF-8"?>
<!-- Generated by org.testng.reporters.JUnitReportReporter -->
<testsuite skipped="0" hostname="MacBook-Pro-cua-LAP00837.local" name="webdriver.Alert_authen" tests="1" failures="0" timestamp="08 Sep 2020 02:25:10 GMT" time="13.773" errors="0">
  <testcase name="Login" time="13.773" classname="webdriver.Alert_authen"/>
</testsuite> <!-- webdriver.Alert_authen -->
