<?xml version="1.0" encoding="UTF-8"?>
<!-- Generated by org.testng.reporters.JUnitReportReporter -->
<testsuite skipped="0" hostname="MacBook-Pro-cua-LAP00837.local" name="webdriver.Topic2" tests="3" failures="0" timestamp="08 Sep 2020 07:21:30 GMT" time="34.378" errors="0">
  <testcase name="registration" time="9.936" classname="webdriver.Topic2"/>
  <testcase name="Login" time="13.195" classname="webdriver.Topic2"/>
  <testcase name="creat" time="11.247" classname="webdriver.Topic2"/>
</testsuite> <!-- webdriver.Topic2 -->
