<?xml version="1.0" encoding="UTF-8"?>
<!-- Generated by org.testng.reporters.JUnitReportReporter -->
<testsuite skipped="0" hostname="MacBook-Pro-cua-LAP00837.local" name="webdriver.Alert" tests="1" failures="0" timestamp="08 Sep 2020 02:25:27 GMT" time="5.491" errors="0">
  <testcase name="Login" time="5.491" classname="webdriver.Alert"/>
</testsuite> <!-- webdriver.Alert -->
