<?xml version="1.0" encoding="UTF-8"?>
<!-- Generated by org.testng.reporters.JUnitReportReporter -->
<testsuite skipped="0" hostname="MacBook-Pro-cua-LAP00837.local" name="webdriver.Topic_browser" tests="1" failures="0" timestamp="19 Sep 2020 10:13:14 GMT" time="5.460" errors="0">
  <testcase name="TC_03" time="5.460" classname="webdriver.Topic_browser"/>
</testsuite> <!-- webdriver.Topic_browser -->
