<?xml version="1.0" encoding="UTF-8"?>
<!-- Generated by org.testng.reporters.JUnitReportReporter -->
<testsuite skipped="0" hostname="MacBook-Pro-cua-LAP00837.local" name="webdriver.Topic_Element" tests="1" failures="0" timestamp="19 Sep 2020 11:51:12 GMT" time="13.145" errors="0">
  <testcase name="TC_03" time="13.145" classname="webdriver.Topic_Element"/>
</testsuite> <!-- webdriver.Topic_Element -->
