<?xml version="1.0" encoding="UTF-8"?>
<!-- Generated by org.testng.reporters.JUnitReportReporter -->
<testsuite skipped="0" hostname="MacBook-Pro-cua-LAP00837.local" name="webdriver.Topic_xpath_css" tests="2" failures="0" timestamp="18 Sep 2020 13:58:50 GMT" time="10.422" errors="0">
  <testcase name="TC_01" time="1.375" classname="webdriver.Topic_xpath_css"/>
  <testcase name="TC_05" time="9.047" classname="webdriver.Topic_xpath_css"/>
</testsuite> <!-- webdriver.Topic_xpath_css -->
